Super Admin System/build/app/outputs/mapping/release/seeds.txt
com.mycompany.countmein.MainActivity
com.mycompany.countmein.MainActivity: MainActivity()
...
kotlinx.coroutines.UndispatchedCoroutine
com.google.protobuf.WireFormat$JavaType: com.google.protobuf.WireFormat$JavaType[] values()
kotlin.jvm.internal.Lambda: java.lang.String toString()
androidx.window.layout.SidecarWindowBackend: boolean isActivityRegistered(android.app.Activity)
androidx.window.embedding.SplitController$Companion: void initialize(android.content.Context,int)
com.google.firestore.v1.ListenResponse: int DOCUMENT_REMOVE_FIELD_NUMBER
androidx.window.embedding.EmbeddingCompat: void setEmbeddingCallback(androidx.window.embedding.EmbeddingInterfaceCompat$EmbeddingCallbackInterface)
androidx.window.layout.SidecarWindowBackend$WindowLayoutChangeCallbackWrapper: void accept$lambda-0(androidx.window.layout.SidecarWindowBackend$WindowLayoutChangeCallbackWrapper,androidx.window.layout.WindowLayoutInfo)
com.google.android.gms.auth.api.signin.GoogleSignInAccount: android.os.Parcelable$Creator CREATOR
com.google.firebase.firestore.core.LimboDocumentChange$Type: com.google.firebase.firestore.core.LimboDocumentChange$Type[] values()
com.google.firestore.admin.v1.Index$IndexField
io.grpc.okhttp.OkHttpChannelBuilder: io.grpc.okhttp.OkHttpChannelBuilder transportExecutor(java.util.concurrent.Executor)
com.google.android.gms.common.internal.ConnectionTelemetryConfiguration: android.os.Parcelable$Creator CREATOR
com.google.android.gms.internal.firebase-auth-api.zzkc
androidx.window.layout.ExtensionWindowLayoutInfoBackend: void registerLayoutChangeCallback(android.app.Activity,java.util.concurrent.Executor,androidx.core.util.Consumer)
kotlinx.coroutines.android.AndroidDispatcherFactory: kotlinx.coroutines.android.HandlerContext createDispatcher(java.util.List)
com.google.firestore.v1.ExistenceFilter: int count_
androidx.window.embedding.ExtensionEmbeddingBackend: java.util.concurrent.CopyOnWriteArrayList splitChangeCallbacks
io.flutter.embedding.android.FlutterSplashView$SavedState: android.os.Bundle access$702(io.flutter.embedding.android.FlutterSplashView$SavedState,android.os.Bundle)
androidx.window.embedding.SplitPairRule
androidx.window.embedding.EmptyEmbeddingComponent: EmptyEmbeddingComponent()
androidx.window.embedding.SplitPairRule: boolean getFinishPrimaryWithSecondary()
androidx.window.layout.SidecarCompat$registerConfigurationChangeListener$configChangeObserver$1: void onLowMemory()
com.google.firestore.v1.Value: int MAP_VALUE_FIELD_NUMBER
androidx.window.embedding.SplitPairFilter: boolean matchesActivityIntentPair(android.app.Activity,android.content.Intent)
io.grpc.okhttp.internal.Protocol: io.grpc.okhttp.internal.Protocol valueOf(java.lang.String)
androidx.window.layout.SidecarAdapter$Companion: java.util.List getSidecarDisplayFeatures(androidx.window.sidecar.SidecarWindowLayoutInfo)
io.flutter.view.AccessibilityViewEmbedder: java.util.Map originToFlutterId
kotlin.jvm.internal.FunctionReference: FunctionReference(int)
com.google.android.gms.common.api.GoogleApiActivity: GoogleApiActivity()
kotlinx.coroutines.ChildHandleNode
com.google.firestore.v1.StructuredQuery$CollectionSelector: int ALL_DESCENDANTS_FIELD_NUMBER
kotlinx.coroutines.internal.ScopeCoroutine
com.google.firebase.messaging.reporting.MessagingClientEvent$Event: com.google.firebase.messaging.reporting.MessagingClientEvent$Event valueOf(java.lang.String)
com.google.android.exoplayer2.drm.FrameworkMediaDrm$Api31: boolean requiresSecureDecoder(android.media.MediaDrm,java.lang.String)
androidx.window.layout.FoldingFeature
com.google.firestore.v1.Target: int ONCE_FIELD_NUMBER
io.flutter.embedding.engine.renderer.FlutterRenderer$DisplayFeatureType: io.flutter.embedding.engine.renderer.FlutterRenderer$DisplayFeatureType[] values()
com.google.firestore.v1.RunAggregationQueryRequest: com.google.protobuf.Parser PARSER
androidx.core.app.AppOpsManagerCompat$Api29Impl: int checkOpNoThrow(android.app.AppOpsManager,java.lang.String,int,java.lang.String)
io.flutter.embedding.engine.FlutterJNI: void dispatchPlatformMessage(java.lang.String,java.nio.ByteBuffer,int,int)