Super Admin System/build/app/outputs/mapping/release/mapping.txt
# compiler: R8
# compiler_version: 2.1.86
# min_api: 21
# pg_map_id: d993fc7
# common_typos_disable
...
com.google.android.exoplayer2.text.webvtt.-$$Lambda$WebvttCueParser$Element$VyiDJ7qRfxCLGd6CXvAWYb7Vhxg -> e.b.a.b.d4.x.a:
    com.google.android.exoplayer2.text.webvtt.-$$Lambda$WebvttCueParser$Element$VyiDJ7qRfxCLGd6CXvAWYb7Vhxg INSTANCE -> g
com.google.android.exoplayer2.text.webvtt.-$$Lambda$WebvttSubtitle$6TuP2ixuvA2bH4nhA1WV45ZOrAo -> e.b.a.b.d4.x.b:
    com.google.android.exoplayer2.text.webvtt.-$$Lambda$WebvttSubtitle$6TuP2ixuvA2bH4nhA1WV45ZOrAo INSTANCE -> g
com.google.android.exoplayer2.text.webvtt.Mp4WebvttDecoder -> e.b.a.b.d4.x.c:
    com.google.android.exoplayer2.util.ParsableByteArray sampleData -> n
    com.google.android.exoplayer2.text.Subtitle decode(byte[],int,boolean) -> A
    com.google.android.exoplayer2.text.Cue parseVttCueBox(com.google.android.exoplayer2.util.ParsableByteArray,int) -> C
com.google.android.exoplayer2.text.webvtt.Mp4WebvttSubtitle -> e.b.a.b.d4.x.d:
    java.util.List cues -> g
    int getNextEventTimeIndex(long) -> e
    long getEventTime(int) -> g
    java.util.List getCues(long) -> h
    int getEventTimeCount() -> j
com.google.android.exoplayer2.text.webvtt.WebvttCssParser -> e.b.a.b.d4.x.e:
    java.util.regex.Pattern VOICE_NAME_PATTERN -> c
    java.util.regex.Pattern FONT_SIZE_PATTERN -> d
    java.lang.StringBuilder stringBuilder -> b
    com.google.android.exoplayer2.util.ParsableByteArray styleInput -> a
    void applySelectorToStyle(com.google.android.exoplayer2.text.webvtt.WebvttCssStyle,java.lang.String) -> a
    boolean maybeSkipComment(com.google.android.exoplayer2.util.ParsableByteArray) -> b
    boolean maybeSkipWhitespace(com.google.android.exoplayer2.util.ParsableByteArray) -> c
    java.util.List parseBlock(com.google.android.exoplayer2.util.ParsableByteArray) -> d
    void parseFontSize(java.lang.String,com.google.android.exoplayer2.text.webvtt.WebvttCssStyle) -> e
    java.lang.String parseIdentifier(com.google.android.exoplayer2.util.ParsableByteArray,java.lang.StringBuilder) -> f
    java.lang.String parseNextToken(com.google.android.exoplayer2.util.ParsableByteArray,java.lang.StringBuilder) -> g
    java.lang.String parsePropertyValue(com.google.android.exoplayer2.util.ParsableByteArray,java.lang.StringBuilder) -> h
    java.lang.String parseSelector(com.google.android.exoplayer2.util.ParsableByteArray,java.lang.StringBuilder) -> i
    void parseStyleDeclaration(com.google.android.exoplayer2.util.ParsableByteArray,com.google.android.exoplayer2.text.webvtt.WebvttCssStyle,java.lang.StringBuilder) -> j
com.google.android.exoplayer2.text.webvtt.WebvttCssStyle -> e.b.a.b.d4.x.f:
    int fontSizeUnit -> n
    int bold -> l
    int italic -> m
    boolean hasBackgroundColor -> i
    int linethrough -> j
    int underline -> k
    int backgroundColor -> h
    int fontColor -> f
    boolean combineUpright -> q
    java.util.Set targetClasses -> c
    java.lang.String targetId -> a
    boolean hasFontColor -> g
    java.lang.String targetTag -> b
    float fontSize -> o
    java.lang.String fontFamily -> e
    int rubyPosition -> p
    java.lang.String targetVoice -> d
    com.google.android.exoplayer2.text.webvtt.WebvttCssStyle setUnderline(boolean) -> A
    int updateScoreForMatch(int,java.lang.String,java.lang.String,int) -> B
    int getBackgroundColor() -> a
    boolean getCombineUpright() -> b
    int getFontColor() -> c
    java.lang.String getFontFamily() -> d
    float getFontSize() -> e
    int getFontSizeUnit() -> f
    int getRubyPosition() -> g
    int getSpecificityScore(java.lang.String,java.lang.String,java.util.Set,java.lang.String) -> h
    int getStyle() -> i
    boolean hasBackgroundColor() -> j
    boolean hasFontColor() -> k
    boolean isLinethrough() -> l
    boolean isUnderline() -> m
    com.google.android.exoplayer2.text.webvtt.WebvttCssStyle setBackgroundColor(int) -> n
    com.google.android.exoplayer2.text.webvtt.WebvttCssStyle setBold(boolean) -> o
    com.google.android.exoplayer2.text.webvtt.WebvttCssStyle setCombineUpright(boolean) -> p