Super Admin System/build/app/outputs/mapping/release/usage.txt
com.mycompany.countmein.R$xml
com.mycompany.countmein.BuildConfig
com.mycompany.countmein.R$styleable
com.mycompany.countmein.R$style
com.mycompany.countmein.R
com.mycompany.countmein.R$color
com.mycompany.countmein.R$integer
com.mycompany.countmein.R$id
com.mycompany.countmein.R$drawable
com.mycompany.countmein.R$layout
com.mycompany.countmein.R$raw
com.mycompany.countmein.R$attr
com.mycompany.countmein.R$string
com.mycompany.countmein.R$dimen
com.mycompany.countmein.R$mipmap
...
kotlin.sequences.FlatteningSequence
com.google.common.base.Preconditions:
    private void <init>()
    public static varargs void checkArgument(boolean,java.lang.String,java.lang.Object[])
    public static void checkArgument(boolean,java.lang.String,char,char)
    public static void checkArgument(boolean,java.lang.String,char,int)
    public static void checkArgument(boolean,java.lang.String,char,long)
    public static void checkArgument(boolean,java.lang.String,int,char)
    public static void checkArgument(boolean,java.lang.String,int,int)
    public static void checkArgument(boolean,java.lang.String,int,long)
    public static void checkArgument(boolean,java.lang.String,int,java.lang.Object)
    public static void checkArgument(boolean,java.lang.String,long,char)
    public static void checkArgument(boolean,java.lang.String,long,int)
    public static void checkArgument(boolean,java.lang.String,long,long)
    public static void checkArgument(boolean,java.lang.String,long,java.lang.Object)
    public static void checkArgument(boolean,java.lang.String,java.lang.Object,char)
    public static void checkArgument(boolean,java.lang.String,java.lang.Object,int)
    public static void checkArgument(boolean,java.lang.String,java.lang.Object,long)
    public static void checkArgument(boolean,java.lang.String,java.lang.Object,java.lang.Object,java.lang.Object)
    public static void checkArgument(boolean,java.lang.String,java.lang.Object,java.lang.Object,java.lang.Object,java.lang.Object)
kotlin.concurrent.TimersKt
com.google.common.collect.TreeTraverser$PostOrderIterator
io.flutter.plugins.firebase.auth.GeneratedAndroidFirebaseAuth$PigeonMultiFactorSession:
    public java.lang.String getId()
com.google.firebase.firestore.R$id
com.google.api.HttpRule$PatternCase
androidx.fragment.app.BackStackRecord:
    public int getId()
    public int getBreadCrumbTitleRes()
    public int getBreadCrumbShortTitleRes()
    public java.lang.CharSequence getBreadCrumbTitle()
    public java.lang.CharSequence getBreadCrumbShortTitle()
    public androidx.fragment.app.FragmentTransaction hide(androidx.fragment.app.Fragment)
    public androidx.fragment.app.FragmentTransaction show(androidx.fragment.app.Fragment)
    public androidx.fragment.app.FragmentTransaction detach(androidx.fragment.app.Fragment)
    public androidx.fragment.app.FragmentTransaction setPrimaryNavigationFragment(androidx.fragment.app.Fragment)
    public androidx.fragment.app.FragmentTransaction setMaxLifecycle(androidx.fragment.app.Fragment,androidx.lifecycle.Lifecycle$State)
    public void commitNow()
    public void commitNowAllowingStateLoss()
    public boolean isEmpty()
    static final java.lang.String TAG
com.google.common.util.concurrent.AsyncFunction
kotlin.collections.ArraysKt___ArraysKt$withIndex$6
kotlinx.coroutines.internal.AtomicKt:
    public static synthetic void getNO_DECISION$annotations()
    public static synthetic void getRETRY_ATOMIC$annotations()
com.google.type.Fraction$Builder
com.google.common.collect.Maps$8
io.flutter.plugins.sharedpreferences.R$layout
com.google.api.Distribution$BucketOptions$Linear
com.aboutyou.dart_packages.sign_in_with_apple.R